<?xml version="1.0" encoding="UTF-8"?>
<testng-results ignored="0" total="8" passed="8" failed="0" skipped="0">
  <reporter-output>
  </reporter-output>
  <suite started-at="2025-02-04T18:04:41 GMT+08:00" name="Default suite" finished-at="2025-02-04T18:05:00 GMT+08:00" duration-ms="19436">
    <groups>
    </groups>
    <test started-at="2025-02-04T18:04:41 GMT+08:00" name="Default test" finished-at="2025-02-04T18:05:00 GMT+08:00" duration-ms="19436">
      <class name="TestCases.ToDoTest">
        <test-method is-config="true" signature="setUp()[pri:0, instance:TestCases.ToDoTest@4c12331b]" started-at="2025-02-04T18:04:41 GMT+08:00" name="setUp" finished-at="2025-02-04T18:04:44 GMT+08:00" duration-ms="2716" status="PASS">
          <reporter-output>
          </reporter-output>
        </test-method> <!-- setUp -->
        <test-method signature="verifyPage()[pri:1, instance:TestCases.ToDoTest@4c12331b]" started-at="2025-02-04T18:04:44 GMT+08:00" name="verifyPage" finished-at="2025-02-04T18:04:44 GMT+08:00" duration-ms="220" status="PASS">
          <reporter-output>
          </reporter-output>
        </test-method> <!-- verifyPage -->
        <test-method signature="enterTodo(java.util.ArrayList)[pri:2, instance:TestCases.ToDoTest@4c12331b]" started-at="2025-02-04T18:04:44 GMT+08:00" name="enterTodo" data-provider="todoList" finished-at="2025-02-04T18:04:44 GMT+08:00" duration-ms="191" status="PASS">
          <params>
            <param index="0">
              <value>
                <![CDATA[[Yoga, Walking, Cleaning]]]>
              </value>
            </param>
          </params>
          <reporter-output>
          </reporter-output>
        </test-method> <!-- enterTodo -->
        <test-method signature="clickCheckBoxes(java.util.ArrayList)[pri:3, instance:TestCases.ToDoTest@4c12331b]" started-at="2025-02-04T18:04:44 GMT+08:00" name="clickCheckBoxes" data-provider="CompletedList" finished-at="2025-02-04T18:04:45 GMT+08:00" duration-ms="455" status="PASS">
          <params>
            <param index="0">
              <value>
                <![CDATA[[Yoga, Walking]]]>
              </value>
            </param>
          </params>
          <reporter-output>
          </reporter-output>
        </test-method> <!-- clickCheckBoxes -->
        <test-method signature="removeTodo(java.util.ArrayList)[pri:4, instance:TestCases.ToDoTest@4c12331b]" started-at="2025-02-04T18:04:45 GMT+08:00" name="removeTodo" data-provider="listRemove" finished-at="2025-02-04T18:04:49 GMT+08:00" duration-ms="4555" status="PASS">
          <params>
            <param index="0">
              <value>
                <![CDATA[[Cleaning]]]>
              </value>
            </param>
          </params>
          <reporter-output>
          </reporter-output>
        </test-method> <!-- removeTodo -->
        <test-method signature="clickActive()[pri:5, instance:TestCases.ToDoTest@4c12331b]" started-at="2025-02-04T18:04:49 GMT+08:00" name="clickActive" finished-at="2025-02-04T18:04:49 GMT+08:00" duration-ms="152" status="PASS">
          <reporter-output>
          </reporter-output>
        </test-method> <!-- clickActive -->
        <test-method signature="clickCompleted()[pri:6, instance:TestCases.ToDoTest@4c12331b]" started-at="2025-02-04T18:04:49 GMT+08:00" name="clickCompleted" finished-at="2025-02-04T18:04:49 GMT+08:00" duration-ms="104" status="PASS">
          <reporter-output>
          </reporter-output>
        </test-method> <!-- clickCompleted -->
        <test-method signature="clickClearCompleted()[pri:7, instance:TestCases.ToDoTest@4c12331b]" started-at="2025-02-04T18:04:49 GMT+08:00" name="clickClearCompleted" finished-at="2025-02-04T18:05:00 GMT+08:00" duration-ms="10187" status="PASS">
          <reporter-output>
          </reporter-output>
        </test-method> <!-- clickClearCompleted -->
        <test-method signature="chooseAll(java.util.ArrayList)[pri:8, instance:TestCases.ToDoTest@4c12331b]" started-at="2025-02-04T18:05:00 GMT+08:00" name="chooseAll" data-provider="todoList" finished-at="2025-02-04T18:05:00 GMT+08:00" duration-ms="485" status="PASS">
          <params>
            <param index="0">
              <value>
                <![CDATA[[Yoga, Walking, Cleaning]]]>
              </value>
            </param>
          </params>
          <reporter-output>
          </reporter-output>
        </test-method> <!-- chooseAll -->
        <test-method is-config="true" signature="tearDown()[pri:0, instance:TestCases.ToDoTest@4c12331b]" started-at="2025-02-04T18:05:00 GMT+08:00" name="tearDown" finished-at="2025-02-04T18:05:00 GMT+08:00" duration-ms="280" status="PASS">
          <reporter-output>
          </reporter-output>
        </test-method> <!-- tearDown -->
      </class> <!-- TestCases.ToDoTest -->
    </test> <!-- Default test -->
  </suite> <!-- Default suite -->
</testng-results>
